[debug] [2022-06-29T04:19:58.679Z] ----------------------------------------------------------------------
[debug] [2022-06-29T04:19:58.682Z] Command:       C:\Program Files\nodejs\node.exe C:\Users\it-gc\AppData\Roaming\npm\node_modules\firebase-tools\lib\bin\firebase.js init
[debug] [2022-06-29T04:19:58.683Z] CLI Version:   11.1.0
[debug] [2022-06-29T04:19:58.683Z] Platform:      win32
[debug] [2022-06-29T04:19:58.684Z] Node Version:  v16.15.0
[debug] [2022-06-29T04:19:58.685Z] Time:          Wed Jun 29 2022 10:19:58 GMT+0600 (Bangladesh Standard Time)
[debug] [2022-06-29T04:19:58.686Z] ----------------------------------------------------------------------
[debug] 
[debug] [2022-06-29T04:19:58.691Z] >>> [apiv2][query] GET https://firebase-public.firebaseio.com/cli.json [none]
[debug] [2022-06-29T04:19:58.837Z] > command requires scopes: ["email","openid","https://www.googleapis.com/auth/cloudplatformprojects.readonly","https://www.googleapis.com/auth/firebase","https://www.googleapis.com/auth/cloud-platform"]
[debug] [2022-06-29T04:19:58.837Z] > authorizing via signed-in user (mdamirhossainjowel@gmail.com)
[info] 
     ######## #### ########  ######## ########     ###     ######  ########
     ##        ##  ##     ## ##       ##     ##  ##   ##  ##       ##
     ######    ##  ########  ######   ########  #########  ######  ######
     ##        ##  ##    ##  ##       ##     ## ##     ##       ## ##
     ##       #### ##     ## ######## ########  ##     ##  ######  ########

You're about to initialize a Firebase project in this directory:

  C:\Users\it-gc\Desktop\Code\Inventoryclient

Before we get started, keep in mind:

  * You are initializing within an existing Firebase project directory

[debug] [2022-06-29T04:19:59.734Z] <<< [apiv2][status] GET https://firebase-public.firebaseio.com/cli.json 200
[debug] [2022-06-29T04:19:59.735Z] <<< [apiv2][body] GET https://firebase-public.firebaseio.com/cli.json {"cloudBuildErrorAfter":1594252800000,"cloudBuildWarnAfter":1590019200000,"defaultNode10After":1594252800000,"minVersion":"3.0.5","node8DeploysDisabledAfter":1613390400000,"node8RuntimeDisabledAfter":1615809600000,"node8WarnAfter":1600128000000}
[info] 
=== Project Setup
[info] 
[info] First, let's associate this project directory with a Firebase project.
[info] You can create multiple project aliases by running firebase use --add, 
[info] but for now we'll just set up a default project.
[info] 
[debug] [2022-06-29T04:20:05.631Z] Using project from CLI flag: bikes-alaeze
[debug] [2022-06-29T04:20:05.633Z] > refreshing access token with scopes: []
[debug] [2022-06-29T04:20:05.635Z] >>> [apiv2][query] POST https://www.googleapis.com/oauth2/v3/token [none]
[debug] [2022-06-29T04:20:05.635Z] >>> [apiv2][body] POST https://www.googleapis.com/oauth2/v3/token [omitted]
[debug] [2022-06-29T04:20:05.880Z] <<< [apiv2][status] POST https://www.googleapis.com/oauth2/v3/token 200
[debug] [2022-06-29T04:20:05.880Z] <<< [apiv2][body] POST https://www.googleapis.com/oauth2/v3/token [omitted]
[debug] [2022-06-29T04:20:05.892Z] >>> [apiv2][query] GET https://firebase.googleapis.com/v1beta1/projects/bikes-alaeze [none]
[debug] [2022-06-29T04:20:06.473Z] <<< [apiv2][status] GET https://firebase.googleapis.com/v1beta1/projects/bikes-alaeze 403
[debug] [2022-06-29T04:20:06.474Z] <<< [apiv2][body] GET https://firebase.googleapis.com/v1beta1/projects/bikes-alaeze {"error":{"code":403,"message":"The caller does not have permission","status":"PERMISSION_DENIED"}}
[debug] [2022-06-29T04:20:06.476Z] HTTP Error: 403, The caller does not have permission
[debug] [2022-06-29T04:20:06.675Z] FirebaseError: HTTP Error: 403, The caller does not have permission
    at responseToError (C:\Users\it-gc\AppData\Roaming\npm\node_modules\firebase-tools\lib\responseToError.js:49:12)
    at RetryOperation._fn (C:\Users\it-gc\AppData\Roaming\npm\node_modules\firebase-tools\lib\apiv2.js:287:77)
    at processTicksAndRejections (node:internal/process/task_queues:96:5)
[error] 
[error] Error: Failed to get Firebase project bikes-alaeze. Please make sure the project exists and your account has permission to access it.
